[debug] [2024-10-22T19:09:37.221Z] ----------------------------------------------------------------------
[debug] [2024-10-22T19:09:37.224Z] Command:       /opt/homebrew/Cellar/node/22.2.0/bin/node /opt/homebrew/bin/firebase init hosting:github
[debug] [2024-10-22T19:09:37.224Z] CLI Version:   13.5.1
[debug] [2024-10-22T19:09:37.224Z] Platform:      darwin
[debug] [2024-10-22T19:09:37.224Z] Node Version:  v22.2.0
[debug] [2024-10-22T19:09:37.225Z] Time:          Tue Oct 22 2024 21:09:37 GMT+0200 (South Africa Standard Time)
[debug] [2024-10-22T19:09:37.225Z] ----------------------------------------------------------------------
[debug] 
[debug] [2024-10-22T19:09:37.226Z] >>> [apiv2][query] GET https://firebase-public.firebaseio.com/cli.json [none]
[debug] [2024-10-22T19:09:37.263Z] > command requires scopes: ["email","openid","https://www.googleapis.com/auth/cloudplatformprojects.readonly","https://www.googleapis.com/auth/firebase","https://www.googleapis.com/auth/cloud-platform"]
[debug] [2024-10-22T19:09:37.263Z] > authorizing via signed-in user (kyle@meshtrade.co)
[info] 
     ######## #### ########  ######## ########     ###     ######  ########
     ##        ##  ##     ## ##       ##     ##  ##   ##  ##       ##
     ######    ##  ########  ######   ########  #########  ######  ######
     ##        ##  ##    ##  ##       ##     ## ##     ##       ## ##
     ##       #### ##     ## ######## ########  ##     ##  ######  ########

You're about to initialize a Firebase project in this directory:

  /Users/kylesmith/Development/myplayground/mesh-dev-blog/ui

Before we get started, keep in mind:

  * You are initializing within an existing Firebase project directory

[info] 
=== Project Setup
[info] 
[info] First, let's associate this project directory with a Firebase project.
[info] You can create multiple project aliases by running firebase use --add, 
[info] but for now we'll just set up a default project.
[info] 
[debug] [2024-10-22T19:09:37.265Z] Using project from CLI flag: mesh-blog
[debug] [2024-10-22T19:09:37.265Z] > refreshing access token with scopes: []
[debug] [2024-10-22T19:09:37.265Z] >>> [apiv2][query] POST https://www.googleapis.com/oauth2/v3/token [none]
[debug] [2024-10-22T19:09:37.265Z] >>> [apiv2][body] POST https://www.googleapis.com/oauth2/v3/token [omitted]
[debug] [2024-10-22T19:09:37.934Z] <<< [apiv2][status] POST https://www.googleapis.com/oauth2/v3/token 200
[debug] [2024-10-22T19:09:37.934Z] <<< [apiv2][body] POST https://www.googleapis.com/oauth2/v3/token [omitted]
[debug] [2024-10-22T19:09:37.945Z] >>> [apiv2][query] GET https://firebase.googleapis.com/v1beta1/projects/mesh-blog [none]
[debug] [2024-10-22T19:09:38.191Z] <<< [apiv2][status] GET https://firebase-public.firebaseio.com/cli.json 200
[debug] [2024-10-22T19:09:38.191Z] <<< [apiv2][body] GET https://firebase-public.firebaseio.com/cli.json {"cloudBuildErrorAfter":1594252800000,"cloudBuildWarnAfter":1590019200000,"defaultNode10After":1594252800000,"minVersion":"3.0.5","node8DeploysDisabledAfter":1613390400000,"node8RuntimeDisabledAfter":1615809600000,"node8WarnAfter":1600128000000}
[debug] [2024-10-22T19:09:38.534Z] <<< [apiv2][status] GET https://firebase.googleapis.com/v1beta1/projects/mesh-blog 200
[debug] [2024-10-22T19:09:38.534Z] <<< [apiv2][body] GET https://firebase.googleapis.com/v1beta1/projects/mesh-blog {"projectId":"mesh-blog","projectNumber":"663030589147","displayName":"mesh-blog","name":"projects/mesh-blog","resources":{"hostingSite":"mesh-blog"},"state":"ACTIVE","etag":"1_15d869ef-a1ff-42c3-97bf-fde98af6e0cf"}
[info] i  Using project mesh-blog (mesh-blog) 
[info] 
=== Hosting:github Setup
[info] 
[info] i  Detected a .git folder at /Users/kylesmith/Development/myplayground/mesh-dev-blog 
[info] i  Authorizing with GitHub to upload your service account to a GitHub repository's secrets store. 
[info] 
[info] Visit this URL on this device to log in:
[info] https://github.com/login/oauth/authorize?client_id=89cf50f02ac6aaed3484&state=428150962&redirect_uri=http%3A%2F%2Flocalhost%3A9005&scope=read%3Auser%20repo%20public_repo
[info] 
[info] Waiting for authentication...
